<?xml version="1.0" encoding="UTF-8"?>
<!-- Generated by org.testng.reporters.JUnitXMLReporter -->
<testsuite hostname="DESKTOP-T8K7OSR" name="Default test" tests="4" failures="0" timestamp="15 Dec 2019 09:05:06 GMT" time="103.884" errors="0">
  <testcase name="verifyAdditionOperationTest" time="3.82" classname="com.appium.testScripts.TC001_VerifyCalculatorPageTest"/>
  <testcase name="verifyDivisionOperationTest" time="4.66" classname="com.appium.testScripts.TC001_VerifyCalculatorPageTest"/>
  <testcase name="verifyMultiplicationOperationTest" time="4.07" classname="com.appium.testScripts.TC001_VerifyCalculatorPageTest"/>
  <testcase name="verifySubtractOperationTest" time="4.54" classname="com.appium.testScripts.TC001_VerifyCalculatorPageTest"/>
</testsuite> <!-- Default test -->
